# JRE version: OpenJDK Runtime Environment Zulu11.52+13-CA (11.0.13+8) (build 11.0.13+8-LTS)
# Java VM: OpenJDK 64-Bit Server VM Zulu11.52+13-CA (11.0.13+8-LTS, mixed mode, tiered, compressed oops, g1 gc, bsd-amd64)
Heap:
 garbage-first heap   total 27648K, used 7543K [0x0000000700000000, 0x0000000800000000)
  region size 1024K, 1 young (1024K), 0 survivors (0K)
 Metaspace       used 17253K, capacity 17470K, committed 18176K, reserved 1064960K
  class space    used 1711K, capacity 1821K, committed 2048K, reserved 1048576K
GC Heap History (20 events):
Event: 10442.698 GC heap before
{Heap before GC invocations=20 (full 18):
 garbage-first heap   total 27648K, used 7543K [0x0000000700000000, 0x0000000800000000)
  region size 1024K, 1 young (1024K), 0 survivors (0K)
 Metaspace       used 17250K, capacity 17470K, committed 18176K, reserved 1064960K
  class space    used 1711K, capacity 1821K, committed 2048K, reserved 1048576K
}
Event: 10442.730 GC heap after
{Heap after GC invocations=21 (full 19):
 garbage-first heap   total 27648K, used 7543K [0x0000000700000000, 0x0000000800000000)
  region size 1024K, 0 young (0K), 0 survivors (0K)
 Metaspace       used 17250K, capacity 17470K, committed 18176K, reserved 1064960K
  class space    used 1711K, capacity 1821K, committed 2048K, reserved 1048576K
}
Event: 10502.770 GC heap before
{Heap before GC invocations=21 (full 19):
 garbage-first heap   total 27648K, used 7543K [0x0000000700000000, 0x0000000800000000)
  region size 1024K, 1 young (1024K), 0 survivors (0K)
 Metaspace       used 17250K, capacity 17470K, committed 18176K, reserved 1064960K
  class space    used 1711K, capacity 1821K, committed 2048K, reserved 1048576K
}
Event: 10502.794 GC heap after
{Heap after GC invocations=22 (full 20):
 garbage-first heap   total 27648K, used 7543K [0x0000000700000000, 0x0000000800000000)
  region size 1024K, 0 young (0K), 0 survivors (0K)
 Metaspace       used 17250K, capacity 17470K, committed 18176K, reserved 1064960K
  class space    used 1711K, capacity 1821K, committed 2048K, reserved 1048576K
}
Event: 10728.512 GC heap before
{Heap before GC invocations=22 (full 20):
 garbage-first heap   total 27648K, used 7543K [0x0000000700000000, 0x0000000800000000)
  region size 1024K, 1 young (1024K), 0 survivors (0K)
 Metaspace       used 17250K, capacity 17470K, committed 18176K, reserved 1064960K
  class space    used 1711K, capacity 1821K, committed 2048K, reserved 1048576K
}
Event: 10728.524 GC heap after
{Heap after GC invocations=23 (full 21):
 garbage-first heap   total 27648K, used 7543K [0x0000000700000000, 0x0000000800000000)
  region size 1024K, 0 young (0K), 0 survivors (0K)
 Metaspace       used 17250K, capacity 17470K, committed 18176K, reserved 1064960K
  class space    used 1711K, capacity 1821K, committed 2048K, reserved 1048576K
}
Event: 10814.107 GC heap before
{Heap before GC invocations=23 (full 21):
 garbage-first heap   total 27648K, used 7543K [0x0000000700000000, 0x0000000800000000)
  region size 1024K, 1 young (1024K), 0 survivors (0K)
 Metaspace       used 17250K, capacity 17470K, committed 18176K, reserved 1064960K
  class space    used 1711K, capacity 1821K, committed 2048K, reserved 1048576K
}
Event: 10814.119 GC heap after
{Heap after GC invocations=24 (full 22):
 garbage-first heap   total 27648K, used 7543K [0x0000000700000000, 0x0000000800000000)
  region size 1024K, 0 young (0K), 0 survivors (0K)
 Metaspace       used 17250K, capacity 17470K, committed 18176K, reserved 1064960K
  class space    used 1711K, capacity 1821K, committed 2048K, reserved 1048576K
}
Event: 10832.972 GC heap before
{Heap before GC invocations=24 (full 22):
 garbage-first heap   total 27648K, used 7543K [0x0000000700000000, 0x0000000800000000)
  region size 1024K, 1 young (1024K), 0 survivors (0K)
 Metaspace       used 17250K, capacity 17470K, committed 18176K, reserved 1064960K
  class space    used 1711K, capacity 1821K, committed 2048K, reserved 1048576K
}
Event: 10832.983 GC heap after
{Heap after GC invocations=25 (full 23):
 garbage-first heap   total 27648K, used 7543K [0x0000000700000000, 0x0000000800000000)
  region size 1024K, 0 young (0K), 0 survivors (0K)
 Metaspace       used 17250K, capacity 17470K, committed 18176K, reserved 1064960K
  class space    used 1711K, capacity 1821K, committed 2048K, reserved 1048576K
}
Event: 10854.803 GC heap before
{Heap before GC invocations=25 (full 23):
 garbage-first heap   total 27648K, used 7543K [0x0000000700000000, 0x0000000800000000)
  region size 1024K, 1 young (1024K), 0 survivors (0K)
 Metaspace       used 17250K, capacity 17470K, committed 18176K, reserved 1064960K
  class space    used 1711K, capacity 1821K, committed 2048K, reserved 1048576K
}
Event: 10854.814 GC heap after
{Heap after GC invocations=26 (full 24):
 garbage-first heap   total 27648K, used 7543K [0x0000000700000000, 0x0000000800000000)
  region size 1024K, 0 young (0K), 0 survivors (0K)
 Metaspace       used 17250K, capacity 17470K, committed 18176K, reserved 1064960K
  class space    used 1711K, capacity 1821K, committed 2048K, reserved 1048576K
}
Event: 10950.658 GC heap before
{Heap before GC invocations=26 (full 24):
 garbage-first heap   total 27648K, used 7543K [0x0000000700000000, 0x0000000800000000)
  region size 1024K, 1 young (1024K), 0 survivors (0K)
 Metaspace       used 17251K, capacity 17470K, committed 18176K, reserved 1064960K
  class space    used 1711K, capacity 1821K, committed 2048K, reserved 1048576K
}
Event: 10950.669 GC heap after
{Heap after GC invocations=27 (full 25):
 garbage-first heap   total 27648K, used 7543K [0x0000000700000000, 0x0000000800000000)
  region size 1024K, 0 young (0K), 0 survivors (0K)
 Metaspace       used 17251K, capacity 17470K, committed 18176K, reserved 1064960K
  class space    used 1711K, capacity 1821K, committed 2048K, reserved 1048576K
}
Event: 13282.692 GC heap before
{Heap before GC invocations=27 (full 25):
 garbage-first heap   total 27648K, used 7543K [0x0000000700000000, 0x0000000800000000)
  region size 1024K, 1 young (1024K), 0 survivors (0K)
 Metaspace       used 17251K, capacity 17470K, committed 18176K, reserved 1064960K
  class space    used 1711K, capacity 1821K, committed 2048K, reserved 1048576K
}
Event: 13282.730 GC heap after
{Heap after GC invocations=28 (full 26):
 garbage-first heap   total 27648K, used 7543K [0x0000000700000000, 0x0000000800000000)
  region size 1024K, 0 young (0K), 0 survivors (0K)
 Metaspace       used 17251K, capacity 17470K, committed 18176K, reserved 1064960K
  class space    used 1711K, capacity 1821K, committed 2048K, reserved 1048576K
}
Event: 13327.023 GC heap before
{Heap before GC invocations=28 (full 26):
 garbage-first heap   total 27648K, used 7543K [0x0000000700000000, 0x0000000800000000)
  region size 1024K, 1 young (1024K), 0 survivors (0K)
 Metaspace       used 17253K, capacity 17470K, committed 18176K, reserved 1064960K
  class space    used 1711K, capacity 1821K, committed 2048K, reserved 1048576K
}
Event: 13327.034 GC heap after
{Heap after GC invocations=29 (full 27):
 garbage-first heap   total 27648K, used 7543K [0x0000000700000000, 0x0000000800000000)
  region size 1024K, 0 young (0K), 0 survivors (0K)
 Metaspace       used 17253K, capacity 17470K, committed 18176K, reserved 1064960K
  class space    used 1711K, capacity 1821K, committed 2048K, reserved 1048576K
}
Event: 13344.039 GC heap before
{Heap before GC invocations=29 (full 27):
 garbage-first heap   total 27648K, used 7543K [0x0000000700000000, 0x0000000800000000)
  region size 1024K, 1 young (1024K), 0 survivors (0K)
 Metaspace       used 17253K, capacity 17470K, committed 18176K, reserved 1064960K
  class space    used 1711K, capacity 1821K, committed 2048K, reserved 1048576K
}
Event: 13344.051 GC heap after
{Heap after GC invocations=30 (full 28):
 garbage-first heap   total 27648K, used 7543K [0x0000000700000000, 0x0000000800000000)
  region size 1024K, 0 young (0K), 0 survivors (0K)
 Metaspace       used 17253K, capacity 17470K, committed 18176K, reserved 1064960K
  class space    used 1711K, capacity 1821K, committed 2048K, reserved 1048576K
}

